# JRE version: Java(TM) SE Runtime Environment (8.0_191-b12) (build 1.8.0_191-b12)
# Java VM: Java HotSpot(TM) 64-Bit Server VM (25.191-b12 mixed mode windows-amd64 compressed oops)
Heap:
 PSYoungGen      total 188416K, used 171759K [0x00000000eab00000, 0x00000000f9400000, 0x0000000100000000)
  eden space 158720K, 100% used [0x00000000eab00000,0x00000000f4600000,0x00000000f4600000)
  from space 29696K, 43% used [0x00000000f4600000,0x00000000f52bbfc0,0x00000000f6300000)
  to   space 28160K, 5% used [0x00000000f7880000,0x00000000f79f0010,0x00000000f9400000)
 ParOldGen       total 103936K, used 91717K [0x00000000c0000000, 0x00000000c6580000, 0x00000000eab00000)
  object space 103936K, 88% used [0x00000000c0000000,0x00000000c5991708,0x00000000c6580000)
 Metaspace       used 69117K, capacity 73496K, committed 73776K, reserved 1114112K
  class space    used 9075K, capacity 9954K, committed 10032K, reserved 1048576K
GC Heap History (10 events):
Event: 12287.144 GC heap after
Heap after GC invocations=72 (full 5):
 PSYoungGen      total 151552K, used 11695K [0x00000000eab00000, 0x00000000f6e80000, 0x0000000100000000)
  eden space 139776K, 0% used [0x00000000eab00000,0x00000000eab00000,0x00000000f3380000)
  from space 11776K, 99% used [0x00000000f3900000,0x00000000f446bfe0,0x00000000f4480000)
  to   space 30208K, 0% used [0x00000000f5100000,0x00000000f5100000,0x00000000f6e80000)
 ParOldGen       total 103936K, used 91357K [0x00000000c0000000, 0x00000000c6580000, 0x00000000eab00000)
  object space 103936K, 87% used [0x00000000c0000000,0x00000000c59376f8,0x00000000c6580000)
 Metaspace       used 68868K, capacity 73210K, committed 73520K, reserved 1112064K
  class space    used 9072K, capacity 9949K, committed 10032K, reserved 1048576K
}
Event: 12304.814 GC heap before
{Heap before GC invocations=73 (full 5):
 PSYoungGen      total 151552K, used 149283K [0x00000000eab00000, 0x00000000f6e80000, 0x0000000100000000)
  eden space 139776K, 98% used [0x00000000eab00000,0x00000000f315ce68,0x00000000f3380000)
  from space 11776K, 99% used [0x00000000f3900000,0x00000000f446bfe0,0x00000000f4480000)
  to   space 30208K, 0% used [0x00000000f5100000,0x00000000f5100000,0x00000000f6e80000)
 ParOldGen       total 103936K, used 91357K [0x00000000c0000000, 0x00000000c6580000, 0x00000000eab00000)
  object space 103936K, 87% used [0x00000000c0000000,0x00000000c59376f8,0x00000000c6580000)
 Metaspace       used 68909K, capacity 73344K, committed 73520K, reserved 1112064K
  class space    used 9072K, capacity 9950K, committed 10032K, reserved 1048576K
Event: 12306.008 GC heap after
Heap after GC invocations=73 (full 5):
 PSYoungGen      total 169472K, used 19274K [0x00000000eab00000, 0x00000000f8480000, 0x0000000100000000)
  eden space 139264K, 0% used [0x00000000eab00000,0x00000000eab00000,0x00000000f3300000)
  from space 30208K, 63% used [0x00000000f5100000,0x00000000f63d2b50,0x00000000f6e80000)
  to   space 30720K, 0% used [0x00000000f3300000,0x00000000f3300000,0x00000000f5100000)
 ParOldGen       total 103936K, used 91365K [0x00000000c0000000, 0x00000000c6580000, 0x00000000eab00000)
  object space 103936K, 87% used [0x00000000c0000000,0x00000000c59396f8,0x00000000c6580000)
 Metaspace       used 68909K, capacity 73344K, committed 73520K, reserved 1112064K
  class space    used 9072K, capacity 9950K, committed 10032K, reserved 1048576K
}
Event: 12634.423 GC heap before
{Heap before GC invocations=74 (full 5):
 PSYoungGen      total 169472K, used 158538K [0x00000000eab00000, 0x00000000f8480000, 0x0000000100000000)
  eden space 139264K, 100% used [0x00000000eab00000,0x00000000f3300000,0x00000000f3300000)
  from space 30208K, 63% used [0x00000000f5100000,0x00000000f63d2b50,0x00000000f6e80000)
  to   space 30720K, 0% used [0x00000000f3300000,0x00000000f3300000,0x00000000f5100000)
 ParOldGen       total 103936K, used 91365K [0x00000000c0000000, 0x00000000c6580000, 0x00000000eab00000)
  object space 103936K, 87% used [0x00000000c0000000,0x00000000c59396f8,0x00000000c6580000)
 Metaspace       used 68985K, capacity 73344K, committed 73520K, reserved 1112064K
  class space    used 9073K, capacity 9950K, committed 10032K, reserved 1048576K
Event: 12634.458 GC heap after
Heap after GC invocations=74 (full 5):
 PSYoungGen      total 169984K, used 12239K [0x00000000eab00000, 0x00000000f7f80000, 0x0000000100000000)
  eden space 139264K, 0% used [0x00000000eab00000,0x00000000eab00000,0x00000000f3300000)
  from space 30720K, 39% used [0x00000000f3300000,0x00000000f3ef3fb0,0x00000000f5100000)
  to   space 29184K, 0% used [0x00000000f6300000,0x00000000f6300000,0x00000000f7f80000)
 ParOldGen       total 103936K, used 91461K [0x00000000c0000000, 0x00000000c6580000, 0x00000000eab00000)
  object space 103936K, 87% used [0x00000000c0000000,0x00000000c5951708,0x00000000c6580000)
 Metaspace       used 68985K, capacity 73344K, committed 73520K, reserved 1112064K
  class space    used 9073K, capacity 9950K, committed 10032K, reserved 1048576K
}
Event: 12638.223 GC heap before
{Heap before GC invocations=75 (full 5):
 PSYoungGen      total 169984K, used 150317K [0x00000000eab00000, 0x00000000f7f80000, 0x0000000100000000)
  eden space 139264K, 99% used [0x00000000eab00000,0x00000000f31d7780,0x00000000f3300000)
  from space 30720K, 39% used [0x00000000f3300000,0x00000000f3ef3fb0,0x00000000f5100000)
  to   space 29184K, 0% used [0x00000000f6300000,0x00000000f6300000,0x00000000f7f80000)
 ParOldGen       total 103936K, used 91461K [0x00000000c0000000, 0x00000000c6580000, 0x00000000eab00000)
  object space 103936K, 87% used [0x00000000c0000000,0x00000000c5951708,0x00000000c6580000)
 Metaspace       used 69004K, capacity 73344K, committed 73520K, reserved 1112064K
  class space    used 9073K, capacity 9950K, committed 10032K, reserved 1048576K
Event: 12638.384 GC heap after
Heap after GC invocations=75 (full 5):
 PSYoungGen      total 187904K, used 18432K [0x00000000eab00000, 0x00000000f8280000, 0x0000000100000000)
  eden space 158720K, 0% used [0x00000000eab00000,0x00000000eab00000,0x00000000f4600000)
  from space 29184K, 63% used [0x00000000f6300000,0x00000000f7500078,0x00000000f7f80000)
  to   space 29696K, 0% used [0x00000000f4600000,0x00000000f4600000,0x00000000f6300000)
 ParOldGen       total 103936K, used 91501K [0x00000000c0000000, 0x00000000c6580000, 0x00000000eab00000)
  object space 103936K, 88% used [0x00000000c0000000,0x00000000c595b708,0x00000000c6580000)
 Metaspace       used 69004K, capacity 73344K, committed 73520K, reserved 1112064K
  class space    used 9073K, capacity 9950K, committed 10032K, reserved 1048576K
}
Event: 13002.222 GC heap before
{Heap before GC invocations=76 (full 5):
 PSYoungGen      total 187904K, used 177152K [0x00000000eab00000, 0x00000000f8280000, 0x0000000100000000)
  eden space 158720K, 100% used [0x00000000eab00000,0x00000000f4600000,0x00000000f4600000)
  from space 29184K, 63% used [0x00000000f6300000,0x00000000f7500078,0x00000000f7f80000)
  to   space 29696K, 0% used [0x00000000f4600000,0x00000000f4600000,0x00000000f6300000)
 ParOldGen       total 103936K, used 91501K [0x00000000c0000000, 0x00000000c6580000, 0x00000000eab00000)
  object space 103936K, 88% used [0x00000000c0000000,0x00000000c595b708,0x00000000c6580000)
 Metaspace       used 69074K, capacity 73472K, committed 73776K, reserved 1114112K
  class space    used 9073K, capacity 9950K, committed 10032K, reserved 1048576K
Event: 13003.376 GC heap after
Heap after GC invocations=76 (full 5):
 PSYoungGen      total 188416K, used 13039K [0x00000000eab00000, 0x00000000f9400000, 0x0000000100000000)
  eden space 158720K, 0% used [0x00000000eab00000,0x00000000eab00000,0x00000000f4600000)
  from space 29696K, 43% used [0x00000000f4600000,0x00000000f52bbfc0,0x00000000f6300000)
  to   space 28160K, 0% used [0x00000000f7880000,0x00000000f7880000,0x00000000f9400000)
 ParOldGen       total 103936K, used 91661K [0x00000000c0000000, 0x00000000c6580000, 0x00000000eab00000)
  object space 103936K, 88% used [0x00000000c0000000,0x00000000c5983708,0x00000000c6580000)
 Metaspace       used 69074K, capacity 73472K, committed 73776K, reserved 1114112K
  class space    used 9073K, capacity 9950K, committed 10032K, reserved 1048576K
}
Event: 13142.826 GC heap before
{Heap before GC invocations=77 (full 5):
 PSYoungGen      total 188416K, used 171759K [0x00000000eab00000, 0x00000000f9400000, 0x0000000100000000)
  eden space 158720K, 100% used [0x00000000eab00000,0x00000000f4600000,0x00000000f4600000)
  from space 29696K, 43% used [0x00000000f4600000,0x00000000f52bbfc0,0x00000000f6300000)
  to   space 28160K, 0% used [0x00000000f7880000,0x00000000f7880000,0x00000000f9400000)
 ParOldGen       total 103936K, used 91661K [0x00000000c0000000, 0x00000000c6580000, 0x00000000eab00000)
  object space 103936K, 88% used [0x00000000c0000000,0x00000000c5983708,0x00000000c6580000)
 Metaspace       used 69117K, capacity 73496K, committed 73776K, reserved 1114112K
  class space    used 9075K, capacity 9954K, committed 10032K, reserved 1048576K

